<?xml version="1.0" encoding="UTF-8"?>
<testng-results ignored="0" total="1" passed="1" failed="0" skipped="0">
  <reporter-output>
  </reporter-output>
  <suite started-at="2026-04-14T06:42:54 IST" name="Test" finished-at="2026-04-14T06:43:35 IST" duration-ms="41222">
    <groups>
    </groups>
    <test started-at="2026-04-14T06:42:54 IST" name="amazon" finished-at="2026-04-14T06:43:35 IST" duration-ms="41222">
      <class name="testCases.TC_SignIN">
        <test-method is-config="true" signature="launchBrowser(java.lang.String)[pri:0, instance:testCases.TC_SignIN@5340477f]" started-at="2026-04-14T06:42:54 IST" name="launchBrowser" finished-at="2026-04-14T06:43:14 IST" duration-ms="20104" status="PASS">
          <params>
            <param index="0">
              <value>
                <![CDATA[chrome]]>
              </value>
            </param>
          </params>
          <reporter-output>
          </reporter-output>
        </test-method> <!-- launchBrowser -->
        <test-method signature="test()[pri:0, instance:testCases.TC_SignIN@5340477f]" started-at="2026-04-14T06:43:14 IST" name="test" finished-at="2026-04-14T06:43:29 IST" duration-ms="15113" status="PASS">
          <reporter-output>
          </reporter-output>
        </test-method> <!-- test -->
        <test-method is-config="true" signature="quitBrowser()[pri:0, instance:testCases.TC_SignIN@5340477f]" started-at="2026-04-14T06:43:29 IST" name="quitBrowser" finished-at="2026-04-14T06:43:35 IST" duration-ms="5866" status="PASS">
          <reporter-output>
          </reporter-output>
        </test-method> <!-- quitBrowser -->
      </class> <!-- testCases.TC_SignIN -->
    </test> <!-- amazon -->
  </suite> <!-- Test -->
</testng-results>
