<?xml version="1.0" encoding="UTF-8"?>
<testng-results ignored="0" total="1" passed="1" failed="0" skipped="0">
  <reporter-output>
  </reporter-output>
  <suite started-at="2026-04-13T08:11:46 IST" name="Test" finished-at="2026-04-13T08:12:54 IST" duration-ms="68427">
    <groups>
    </groups>
    <test started-at="2026-04-13T08:11:46 IST" name="amazon" finished-at="2026-04-13T08:12:54 IST" duration-ms="68427">
      <class name="testCases.TC_SignIN">
        <test-method is-config="true" signature="launchBrowser(java.lang.String)[pri:0, instance:testCases.TC_SignIN@6950ed69]" started-at="2026-04-13T08:11:46 IST" name="launchBrowser" finished-at="2026-04-13T08:12:02 IST" duration-ms="16117" status="PASS">
          <params>
            <param index="0">
              <value>
                <![CDATA[chrome]]>
              </value>
            </param>
          </params>
          <reporter-output>
          </reporter-output>
        </test-method> <!-- launchBrowser -->
        <test-method signature="test()[pri:0, instance:testCases.TC_SignIN@6950ed69]" started-at="2026-04-13T08:12:02 IST" name="test" finished-at="2026-04-13T08:12:23 IST" duration-ms="20985" status="PASS">
          <reporter-output>
          </reporter-output>
        </test-method> <!-- test -->
        <test-method is-config="true" signature="quitBrowser()[pri:0, instance:testCases.TC_SignIN@6950ed69]" started-at="2026-04-13T08:12:23 IST" name="quitBrowser" finished-at="2026-04-13T08:12:54 IST" duration-ms="31189" status="PASS">
          <reporter-output>
          </reporter-output>
        </test-method> <!-- quitBrowser -->
      </class> <!-- testCases.TC_SignIN -->
    </test> <!-- amazon -->
  </suite> <!-- Test -->
</testng-results>
